<?xml version="1.0" encoding="UTF-8"?>
<!-- Generated by org.testng.reporters.JUnitXMLReporter -->
<testsuite ignored="2" hostname="MONSTER-IDEAPAD5" failures="0" tests="1" name="Default test" time="9.94" errors="0" timestamp="2024-08-12T22:00:15 IST">
  <testcase classname="com.comcast.scm.IntegartionTest.AdminRelatedIntegrationTest" name="adminAddDistributorDisplayinAdminList" time="9.866"/>
  <testcase classname="com.comcast.scm.IntegartionTest.AdminRelatedIntegrationTest" name="AdminAddRetailerDisplayInRetailerList" time="0.0">
    <ignored/>
  </testcase> <!-- AdminAddRetailerDisplayInRetailerList -->
  <testcase classname="com.comcast.scm.IntegartionTest.AdminRelatedIntegrationTest" name="adminAddingRetailerDisplayinManufacturePage" time="0.0">
    <ignored/>
  </testcase> <!-- adminAddingRetailerDisplayinManufacturePage -->
</testsuite> <!-- Default test -->
