<?xml version="1.0" encoding="UTF-8"?>
<testng-results ignored="0" total="1" passed="1" failed="0" skipped="0">
  <reporter-output>
  </reporter-output>
  <suite started-at="2024-06-25T17:13:46 IST" name="Suite" finished-at="2024-06-25T17:14:08 IST" duration-ms="21581">
    <groups>
      <group name="SmokeTest">
        <method signature="CreateContactTestTestNGBaseClass.createorg()[pri:0, instance:com.comcast.crm.ContactTest.CreateContactTestTestNGBaseClass@1f3f4916]" name="createorg" class="com.comcast.crm.ContactTest.CreateContactTestTestNGBaseClass"/>
      </group> <!-- SmokeTest -->
    </groups>
    <test started-at="2024-06-25T17:13:46 IST" name="Test" finished-at="2024-06-25T17:14:08 IST" duration-ms="21581">
      <class name="com.comcast.crm.ContactTest.CreateContactTestTestNGBaseClass">
        <test-method is-config="true" signature="configBS()[pri:0, instance:com.comcast.crm.ContactTest.CreateContactTestTestNGBaseClass@1f3f4916]" started-at="2024-06-25T17:13:46 IST" name="configBS" finished-at="2024-06-25T17:13:46 IST" duration-ms="18" status="PASS">
          <reporter-output>
          </reporter-output>
        </test-method> <!-- configBS -->
        <test-method is-config="true" signature="configBC()[pri:0, instance:com.comcast.crm.ContactTest.CreateContactTestTestNGBaseClass@1f3f4916]" started-at="2024-06-25T17:13:46 IST" name="configBC" finished-at="2024-06-25T17:13:49 IST" duration-ms="2940" status="PASS">
          <reporter-output>
          </reporter-output>
        </test-method> <!-- configBC -->
        <test-method is-config="true" signature="configBM()[pri:0, instance:com.comcast.crm.ContactTest.CreateContactTestTestNGBaseClass@1f3f4916]" started-at="2024-06-25T17:13:49 IST" name="configBM" finished-at="2024-06-25T17:13:57 IST" duration-ms="7604" status="PASS">
          <reporter-output>
          </reporter-output>
        </test-method> <!-- configBM -->
        <test-method signature="createorg()[pri:0, instance:com.comcast.crm.ContactTest.CreateContactTestTestNGBaseClass@1f3f4916]" started-at="2024-06-25T17:13:57 IST" name="createorg" finished-at="2024-06-25T17:14:06 IST" duration-ms="9607" status="PASS">
          <reporter-output>
          </reporter-output>
        </test-method> <!-- createorg -->
        <test-method is-config="true" signature="configAM()[pri:0, instance:com.comcast.crm.ContactTest.CreateContactTestTestNGBaseClass@1f3f4916]" started-at="2024-06-25T17:14:06 IST" name="configAM" finished-at="2024-06-25T17:14:07 IST" duration-ms="1113" status="PASS">
          <reporter-output>
          </reporter-output>
        </test-method> <!-- configAM -->
        <test-method is-config="true" signature="configAC()[pri:0, instance:com.comcast.crm.ContactTest.CreateContactTestTestNGBaseClass@1f3f4916]" started-at="2024-06-25T17:14:07 IST" name="configAC" finished-at="2024-06-25T17:14:08 IST" duration-ms="252" status="PASS">
          <reporter-output>
          </reporter-output>
        </test-method> <!-- configAC -->
        <test-method is-config="true" signature="configAS()[pri:0, instance:com.comcast.crm.ContactTest.CreateContactTestTestNGBaseClass@1f3f4916]" started-at="2024-06-25T17:14:08 IST" name="configAS" finished-at="2024-06-25T17:14:08 IST" duration-ms="1" status="PASS">
          <reporter-output>
          </reporter-output>
        </test-method> <!-- configAS -->
      </class> <!-- com.comcast.crm.ContactTest.CreateContactTestTestNGBaseClass -->
    </test> <!-- Test -->
  </suite> <!-- Suite -->
</testng-results>
