<?xml version="1.0" encoding="UTF-8"?>
<!-- Generated by org.testng.reporters.JUnitXMLReporter -->
<testsuite ignored="0" hostname="MONSTER-IDEAPAD5" failures="0" tests="3" name="Test-2" time="71.579" errors="0" timestamp="2024-06-13T16:01:40 IST">
  <testcase classname="com.comcast.crm.orgTest.CreateORGTestwithTestNG" name="createOrgWithIndustry" time="16.764"/>
  <testcase classname="com.comcast.crm.orgTest.CreateORGTestwithTestNG" name="createOrgWithphNO" time="13.689"/>
  <testcase classname="com.comcast.crm.orgTest.CreateORGTestwithTestNG" name="createorg" time="13.463"/>
</testsuite> <!-- Test-2 -->
