<?xml version="1.0" encoding="UTF-8"?>
<!-- Generated by org.testng.reporters.JUnitXMLReporter -->
<testsuite ignored="2" hostname="MONSTER-IDEAPAD5" failures="0" tests="6" name="TestRunner-FireFox" time="172.193" errors="0" timestamp="2024-06-13T16:27:25 IST">
  <testcase classname="com.comcast.crm.ContactTest.CreateContactTestTestNGBaseClass" name="createContactWithOrgTest" time="32.448"/>
  <testcase classname="com.comcast.crm.ContactTest.CreateContactTestTestNGBaseClass" name="createContactWithSupportdateTest" time="13.553"/>
  <testcase classname="com.comcast.crm.ContactTest.CreateContactTestTestNGBaseClass" name="createorg" time="13.578"/>
  <testcase classname="com.comcast.crm.orgTest.CreateORGTestwithTestNG" name="createOrgWithIndustry" time="12.912"/>
  <testcase classname="com.comcast.crm.orgTest.CreateORGTestwithTestNG" name="createOrgWithphNO" time="14.406"/>
  <testcase classname="com.comcast.crm.orgTest.CreateORGTestwithTestNG" name="createorg" time="11.085"/>
  <testcase classname="com.comcast.crm.generic.BaseTest.BaseClass" name="@AfterSuite configAS" time="0.0">
    <ignored/>
  </testcase> <!-- @AfterSuite configAS -->
  <testcase classname="com.comcast.crm.generic.BaseTest.BaseClass" name="@BeforeSuite configBS" time="0.0">
    <ignored/>
  </testcase> <!-- @BeforeSuite configBS -->
</testsuite> <!-- TestRunner-FireFox -->
