<?xml version="1.0" encoding="UTF-8"?>
<!-- Generated by org.testng.reporters.JUnitXMLReporter -->
<testsuite ignored="0" hostname="MONSTER-IDEAPAD5" failures="1" tests="3" name="Test" time="72.513" errors="0" timestamp="2024-06-20T17:35:18 IST">
  <testcase classname="com.comcast.crm.orgTest.CreateORGTestwithTestNG" name="createOrgWithIndustry" time="17.64">
    <failure type="java.lang.AssertionError" message="expected [true] but found [false]">
      <![CDATA[java.lang.AssertionError: expected [true] but found [false]
at com.comcast.crm.orgTest.CreateORGTestwithTestNG.createOrgWithIndustry(CreateORGTestwithTestNG.java:82)
at java.base/java.util.ArrayList.forEach(ArrayList.java:1511)
... Removed 34 stack frames]]>
    </failure>
  </testcase> <!-- createOrgWithIndustry -->
  <testcase classname="com.comcast.crm.orgTest.CreateORGTestwithTestNG" name="createOrgWithphNO" time="10.266"/>
  <testcase classname="com.comcast.crm.orgTest.CreateORGTestwithTestNG" name="createorg" time="10.219"/>
</testsuite> <!-- Test -->
