<?xml version="1.0" encoding="UTF-8"?>
<!-- Generated by org.testng.reporters.JUnitXMLReporter -->
<testsuite ignored="1" hostname="MONSTER-IDEAPAD5" failures="3" tests="12" name="Test" time="104.703" errors="0" timestamp="2024-08-14T13:19:18 IST">
  <testcase classname="com.comcast.scm.generic.BaseTest.BaseClassforScm" name="@AfterMethod configAM" time="60.138">
    <failure type="org.openqa.selenium.NoSuchElementException" message="Cannot locate an element using By.all({By.xpath: //input[@type=&amp;apos;button&amp;apos;],By.xpath: //input[@value=&amp;apos;Log out&amp;apos;]})
For documentation on this error, please visit: https://www.selenium.dev/documentation/webdriver/troubleshooting/errors#no-such-element-exception
Build info: version: &amp;apos;4.22.0&amp;apos;, revision: &amp;apos;c5f3146703*&amp;apos;
System info: os.name: &amp;apos;Windows 10&amp;apos;, os.arch: &amp;apos;amd64&amp;apos;, os.version: &amp;apos;10.0&amp;apos;, java.version: &amp;apos;22.0.1&amp;apos;
Driver info: driver.version: RemoteWebDriver">
      <![CDATA[org.openqa.selenium.NoSuchElementException: Cannot locate an element using By.all({By.xpath: //input[@type='button'],By.xpath: //input[@value='Log out']})
For documentation on this error, please visit: https://www.selenium.dev/documentation/webdriver/troubleshooting/errors#no-such-element-exception
Build info: version: '4.22.0', revision: 'c5f3146703*'
System info: os.name: 'Windows 10', os.arch: 'amd64', os.version: '10.0', java.version: '22.0.1'
Driver info: driver.version: RemoteWebDriver
at org.openqa.selenium.support.pagefactory.ByAll.findElement(ByAll.java:57)
at org.openqa.selenium.remote.ElementLocation$ElementFinder$1.findElement(ElementLocation.java:139)
at org.openqa.selenium.remote.ElementLocation.findElement(ElementLocation.java:81)
at org.openqa.selenium.remote.RemoteWebDriver.findElement(RemoteWebDriver.java:355)
at org.openqa.selenium.remote.RemoteWebDriver.findElement(RemoteWebDriver.java:349)
at org.openqa.selenium.support.pagefactory.DefaultElementLocator.findElement(DefaultElementLocator.java:68)
at org.openqa.selenium.support.pagefactory.internal.LocatingElementHandler.invoke(LocatingElementHandler.java:38)
at jdk.proxy2/jdk.proxy2.$Proxy16.click(Unknown Source)
at com.comcast.scm.ObjectRepo.AdminHomePage.signout(AdminHomePage.java:348)
at com.comcast.scm.generic.BaseTest.BaseClassforScm.configAM(BaseClassforScm.java:86)
at java.base/java.util.ArrayList.forEach(ArrayList.java:1597)
... Removed 30 stack frames]]>
    </failure>
  </testcase> <!-- @AfterMethod configAM -->
  <testcase classname="com.comcast.scm.generic.BaseTest.BaseClassforScm" name="@BeforeMethod configBM" time="0.0">
    <skipped/>
  </testcase> <!-- @BeforeMethod configBM -->
  <testcase classname="com.comcast.scm.generic.BaseTest.BaseClassforScm" name="@AfterMethod configAM" time="0.0">
    <skipped/>
  </testcase> <!-- @AfterMethod configAM -->
  <testcase classname="com.comcast.scm.generic.BaseTest.BaseClassforScm" name="@BeforeMethod configBM" time="0.0">
    <skipped/>
  </testcase> <!-- @BeforeMethod configBM -->
  <testcase classname="com.comcast.scm.generic.BaseTest.BaseClassforScm" name="@AfterMethod configAM" time="0.0">
    <skipped/>
  </testcase> <!-- @AfterMethod configAM -->
  <testcase classname="com.comcast.scm.generic.BaseTest.BaseClassforScm" name="@BeforeMethod configBM" time="0.0">
    <skipped/>
  </testcase> <!-- @BeforeMethod configBM -->
  <testcase classname="com.comcast.scm.generic.BaseTest.BaseClassforScm" name="@AfterMethod configAM" time="0.0">
    <skipped/>
  </testcase> <!-- @AfterMethod configAM -->
  <testcase classname="com.comcast.scm.generic.BaseTest.BaseClassforScm" name="@BeforeMethod configBM" time="0.0">
    <skipped/>
  </testcase> <!-- @BeforeMethod configBM -->
  <testcase classname="com.comcast.scm.generic.BaseTest.BaseClassforScm" name="@AfterMethod configAM" time="0.0">
    <skipped/>
  </testcase> <!-- @AfterMethod configAM -->
  <testcase classname="com.comcast.scm.generic.BaseTest.BaseClassforScm" name="@BeforeMethod configBM" time="0.0">
    <skipped/>
  </testcase> <!-- @BeforeMethod configBM -->
  <testcase classname="com.comcast.scm.generic.BaseTest.BaseClassforScm" name="@AfterMethod configAM" time="0.0">
    <skipped/>
  </testcase> <!-- @AfterMethod configAM -->
  <testcase classname="com.comcast.scm.generic.BaseTest.BaseClassforScm" name="@BeforeMethod configBM" time="0.0">
    <skipped/>
  </testcase> <!-- @BeforeMethod configBM -->
  <testcase classname="com.comcast.scm.generic.BaseTest.BaseClassforScm" name="@AfterMethod configAM" time="0.0">
    <skipped/>
  </testcase> <!-- @AfterMethod configAM -->
  <testcase classname="com.comcast.scm.generic.BaseTest.BaseClassforScm" name="@AfterClass configAC" time="0.0">
    <skipped/>
  </testcase> <!-- @AfterClass configAC -->
  <testcase classname="com.comcast.scm.smokeTest.AdminSmokeTest" name="loginPageValidationTest" time="6.204"/>
  <testcase classname="com.comcast.scm.smokeTest.AdminSmokeTest" name="adminLoginValidationTest" time="0.0">
    <skipped/>
  </testcase> <!-- adminLoginValidationTest -->
  <testcase classname="com.comcast.scm.smokeTest.AdminSmokeTest" name="adminableToClickOnAddManufacturerTest" time="0.0">
    <skipped/>
  </testcase> <!-- adminableToClickOnAddManufacturerTest -->
  <testcase classname="com.comcast.scm.smokeTest.AdminSmokeTest" name="adminAbleToAddManufacturerSucessfullyTest" time="0.0">
    <skipped/>
  </testcase> <!-- adminAbleToAddManufacturerSucessfullyTest -->
  <testcase classname="com.comcast.scm.smokeTest.AdminSmokeTest" name="logOutManufactuerTest" time="0.0">
    <skipped/>
  </testcase> <!-- logOutManufactuerTest -->
  <testcase classname="com.comcast.scm.smokeTest.AdminSmokeTest" name="adminAddRetailerTest" time="0.0">
    <skipped/>
  </testcase> <!-- adminAddRetailerTest -->
  <testcase classname="com.comcast.scm.smokeTest.AdminSmokeTest" name="adminAddDistributorTest" time="0.0">
    <skipped/>
  </testcase> <!-- adminAddDistributorTest -->
  <testcase classname="com.comcast.scm.smokeTest.RetailerSmokeTest" name="ratailerLoginTest" time="8.913"/>
  <testcase classname="com.comcast.scm.smokeTest.RetailerSmokeTest" name="retailerAddNewOrderTest" time="8.636"/>
  <testcase classname="com.comcast.scm.smokeTest.ManufacturerSmokeTest" name="manufacturerLoginTest" time="5.904">
    <failure type="org.openqa.selenium.NoSuchWindowException" message="no such window: target window already closed
from unknown error: web view not found
  (Session info: chrome=126.0.6478.127)
Build info: version: &amp;apos;4.22.0&amp;apos;, revision: &amp;apos;c5f3146703*&amp;apos;
System info: os.name: &amp;apos;Windows 10&amp;apos;, os.arch: &amp;apos;amd64&amp;apos;, os.version: &amp;apos;10.0&amp;apos;, java.version: &amp;apos;22.0.1&amp;apos;
Driver info: org.openqa.selenium.chrome.ChromeDriver
Command: [18c4cf75250ec7245397e33aea1d4c9e, maximizeCurrentWindow {}]
Capabilities {acceptInsecureCerts: false, browserName: chrome, browserVersion: 126.0.6478.127, chrome: {chromedriverVersion: 126.0.6478.182 (5b5d8292ddf..., userDataDir: C:\Users\girij\AppData\Loca...}, fedcm:accounts: true, goog:chromeOptions: {debuggerAddress: localhost:58951}, networkConnectionEnabled: false, pageLoadStrategy: normal, platformName: windows, proxy: Proxy(), se:cdp: ws://localhost:58951/devtoo..., se:cdpVersion: 126.0.6478.127, setWindowRect: true, strictFileInteractability: false, timeouts: {implicit: 0, pageLoad: 300000, script: 30000}, unhandledPromptBehavior: dismiss and notify, webauthn:extension:credBlob: true, webauthn:extension:largeBlob: true, webauthn:extension:minPinLength: true, webauthn:extension:prf: true, webauthn:virtualAuthenticators: true}
Session ID: 18c4cf75250ec7245397e33aea1d4c9e">
      <![CDATA[org.openqa.selenium.NoSuchWindowException: no such window: target window already closed
from unknown error: web view not found
  (Session info: chrome=126.0.6478.127)
Build info: version: '4.22.0', revision: 'c5f3146703*'
System info: os.name: 'Windows 10', os.arch: 'amd64', os.version: '10.0', java.version: '22.0.1'
Driver info: org.openqa.selenium.chrome.ChromeDriver
Command: [18c4cf75250ec7245397e33aea1d4c9e, maximizeCurrentWindow {}]
Capabilities {acceptInsecureCerts: false, browserName: chrome, browserVersion: 126.0.6478.127, chrome: {chromedriverVersion: 126.0.6478.182 (5b5d8292ddf..., userDataDir: C:\Users\girij\AppData\Loca...}, fedcm:accounts: true, goog:chromeOptions: {debuggerAddress: localhost:58951}, networkConnectionEnabled: false, pageLoadStrategy: normal, platformName: windows, proxy: Proxy(), se:cdp: ws://localhost:58951/devtoo..., se:cdpVersion: 126.0.6478.127, setWindowRect: true, strictFileInteractability: false, timeouts: {implicit: 0, pageLoad: 300000, script: 30000}, unhandledPromptBehavior: dismiss and notify, webauthn:extension:credBlob: true, webauthn:extension:largeBlob: true, webauthn:extension:minPinLength: true, webauthn:extension:prf: true, webauthn:virtualAuthenticators: true}
Session ID: 18c4cf75250ec7245397e33aea1d4c9e
at org.openqa.selenium.remote.ErrorCodec.decode(ErrorCodec.java:167)
at org.openqa.selenium.remote.codec.w3c.W3CHttpResponseCodec.decode(W3CHttpResponseCodec.java:138)
at org.openqa.selenium.remote.codec.w3c.W3CHttpResponseCodec.decode(W3CHttpResponseCodec.java:50)
at org.openqa.selenium.remote.HttpCommandExecutor.execute(HttpCommandExecutor.java:190)
at org.openqa.selenium.remote.service.DriverCommandExecutor.invokeExecute(DriverCommandExecutor.java:216)
at org.openqa.selenium.remote.service.DriverCommandExecutor.execute(DriverCommandExecutor.java:174)
at org.openqa.selenium.remote.RemoteWebDriver.execute(RemoteWebDriver.java:518)
at org.openqa.selenium.remote.RemoteWebDriver.execute(RemoteWebDriver.java:591)
at org.openqa.selenium.remote.RemoteWebDriver.execute(RemoteWebDriver.java:595)
at org.openqa.selenium.remote.RemoteWebDriver$RemoteWebDriverOptions$RemoteWindow.maximize(RemoteWebDriver.java:1034)
at com.comcast.scm.generic.webDriverUtility.WebDriverUtility.maximizePage(WebDriverUtility.java:21)
at com.comcast.scm.ObjectRepo.LoginPage.manufacturerLogin(LoginPage.java:89)
at com.comcast.scm.smokeTest.ManufacturerSmokeTest.manufacturerLoginTest(ManufacturerSmokeTest.java:41)
at java.base/java.util.ArrayList.forEach(ArrayList.java:1597)
... Removed 28 stack frames]]>
    </failure>
  </testcase> <!-- manufacturerLoginTest -->
  <testcase classname="com.comcast.scm.smokeTest.ManufacturerSmokeTest" name="validateManufacturerPageWorking" time="3.309">
    <failure type="org.openqa.selenium.NoSuchWindowException" message="no such window: target window already closed
from unknown error: web view not found
  (Session info: chrome=126.0.6478.127)
Build info: version: &amp;apos;4.22.0&amp;apos;, revision: &amp;apos;c5f3146703*&amp;apos;
System info: os.name: &amp;apos;Windows 10&amp;apos;, os.arch: &amp;apos;amd64&amp;apos;, os.version: &amp;apos;10.0&amp;apos;, java.version: &amp;apos;22.0.1&amp;apos;
Driver info: org.openqa.selenium.chrome.ChromeDriver
Command: [0199ae7b5c25cc278cb5a41472d72048, maximizeCurrentWindow {}]
Capabilities {acceptInsecureCerts: false, browserName: chrome, browserVersion: 126.0.6478.127, chrome: {chromedriverVersion: 126.0.6478.182 (5b5d8292ddf..., userDataDir: C:\Users\girij\AppData\Loca...}, fedcm:accounts: true, goog:chromeOptions: {debuggerAddress: localhost:58970}, networkConnectionEnabled: false, pageLoadStrategy: normal, platformName: windows, proxy: Proxy(), se:cdp: ws://localhost:58970/devtoo..., se:cdpVersion: 126.0.6478.127, setWindowRect: true, strictFileInteractability: false, timeouts: {implicit: 0, pageLoad: 300000, script: 30000}, unhandledPromptBehavior: dismiss and notify, webauthn:extension:credBlob: true, webauthn:extension:largeBlob: true, webauthn:extension:minPinLength: true, webauthn:extension:prf: true, webauthn:virtualAuthenticators: true}
Session ID: 0199ae7b5c25cc278cb5a41472d72048">
      <![CDATA[org.openqa.selenium.NoSuchWindowException: no such window: target window already closed
from unknown error: web view not found
  (Session info: chrome=126.0.6478.127)
Build info: version: '4.22.0', revision: 'c5f3146703*'
System info: os.name: 'Windows 10', os.arch: 'amd64', os.version: '10.0', java.version: '22.0.1'
Driver info: org.openqa.selenium.chrome.ChromeDriver
Command: [0199ae7b5c25cc278cb5a41472d72048, maximizeCurrentWindow {}]
Capabilities {acceptInsecureCerts: false, browserName: chrome, browserVersion: 126.0.6478.127, chrome: {chromedriverVersion: 126.0.6478.182 (5b5d8292ddf..., userDataDir: C:\Users\girij\AppData\Loca...}, fedcm:accounts: true, goog:chromeOptions: {debuggerAddress: localhost:58970}, networkConnectionEnabled: false, pageLoadStrategy: normal, platformName: windows, proxy: Proxy(), se:cdp: ws://localhost:58970/devtoo..., se:cdpVersion: 126.0.6478.127, setWindowRect: true, strictFileInteractability: false, timeouts: {implicit: 0, pageLoad: 300000, script: 30000}, unhandledPromptBehavior: dismiss and notify, webauthn:extension:credBlob: true, webauthn:extension:largeBlob: true, webauthn:extension:minPinLength: true, webauthn:extension:prf: true, webauthn:virtualAuthenticators: true}
Session ID: 0199ae7b5c25cc278cb5a41472d72048
at org.openqa.selenium.remote.ErrorCodec.decode(ErrorCodec.java:167)
at org.openqa.selenium.remote.codec.w3c.W3CHttpResponseCodec.decode(W3CHttpResponseCodec.java:138)
at org.openqa.selenium.remote.codec.w3c.W3CHttpResponseCodec.decode(W3CHttpResponseCodec.java:50)
at org.openqa.selenium.remote.HttpCommandExecutor.execute(HttpCommandExecutor.java:190)
at org.openqa.selenium.remote.service.DriverCommandExecutor.invokeExecute(DriverCommandExecutor.java:216)
at org.openqa.selenium.remote.service.DriverCommandExecutor.execute(DriverCommandExecutor.java:174)
at org.openqa.selenium.remote.RemoteWebDriver.execute(RemoteWebDriver.java:518)
at org.openqa.selenium.remote.RemoteWebDriver.execute(RemoteWebDriver.java:591)
at org.openqa.selenium.remote.RemoteWebDriver.execute(RemoteWebDriver.java:595)
at org.openqa.selenium.remote.RemoteWebDriver$RemoteWebDriverOptions$RemoteWindow.maximize(RemoteWebDriver.java:1034)
at com.comcast.scm.generic.webDriverUtility.WebDriverUtility.maximizePage(WebDriverUtility.java:21)
at com.comcast.scm.ObjectRepo.LoginPage.manufacturerLogin(LoginPage.java:89)
at com.comcast.scm.smokeTest.ManufacturerSmokeTest.validateManufacturerPageWorking(ManufacturerSmokeTest.java:69)
at java.base/java.util.ArrayList.forEach(ArrayList.java:1597)
... Removed 28 stack frames]]>
    </failure>
  </testcase> <!-- validateManufacturerPageWorking -->
  <testcase classname="com.comcast.scm.smokeTest.ManufacturerSmokeTest" name="addProduct" time="4.415">
    <failure type="org.openqa.selenium.NoSuchWindowException" message="no such window: target window already closed
from unknown error: web view not found
  (Session info: chrome=126.0.6478.127)
Build info: version: &amp;apos;4.22.0&amp;apos;, revision: &amp;apos;c5f3146703*&amp;apos;
System info: os.name: &amp;apos;Windows 10&amp;apos;, os.arch: &amp;apos;amd64&amp;apos;, os.version: &amp;apos;10.0&amp;apos;, java.version: &amp;apos;22.0.1&amp;apos;
Driver info: org.openqa.selenium.chrome.ChromeDriver
Command: [9edcf469f35abaf7fe2da9186e5881a4, maximizeCurrentWindow {}]
Capabilities {acceptInsecureCerts: false, browserName: chrome, browserVersion: 126.0.6478.127, chrome: {chromedriverVersion: 126.0.6478.182 (5b5d8292ddf..., userDataDir: C:\Users\girij\AppData\Loca...}, fedcm:accounts: true, goog:chromeOptions: {debuggerAddress: localhost:58983}, networkConnectionEnabled: false, pageLoadStrategy: normal, platformName: windows, proxy: Proxy(), se:cdp: ws://localhost:58983/devtoo..., se:cdpVersion: 126.0.6478.127, setWindowRect: true, strictFileInteractability: false, timeouts: {implicit: 0, pageLoad: 300000, script: 30000}, unhandledPromptBehavior: dismiss and notify, webauthn:extension:credBlob: true, webauthn:extension:largeBlob: true, webauthn:extension:minPinLength: true, webauthn:extension:prf: true, webauthn:virtualAuthenticators: true}
Session ID: 9edcf469f35abaf7fe2da9186e5881a4">
      <![CDATA[org.openqa.selenium.NoSuchWindowException: no such window: target window already closed
from unknown error: web view not found
  (Session info: chrome=126.0.6478.127)
Build info: version: '4.22.0', revision: 'c5f3146703*'
System info: os.name: 'Windows 10', os.arch: 'amd64', os.version: '10.0', java.version: '22.0.1'
Driver info: org.openqa.selenium.chrome.ChromeDriver
Command: [9edcf469f35abaf7fe2da9186e5881a4, maximizeCurrentWindow {}]
Capabilities {acceptInsecureCerts: false, browserName: chrome, browserVersion: 126.0.6478.127, chrome: {chromedriverVersion: 126.0.6478.182 (5b5d8292ddf..., userDataDir: C:\Users\girij\AppData\Loca...}, fedcm:accounts: true, goog:chromeOptions: {debuggerAddress: localhost:58983}, networkConnectionEnabled: false, pageLoadStrategy: normal, platformName: windows, proxy: Proxy(), se:cdp: ws://localhost:58983/devtoo..., se:cdpVersion: 126.0.6478.127, setWindowRect: true, strictFileInteractability: false, timeouts: {implicit: 0, pageLoad: 300000, script: 30000}, unhandledPromptBehavior: dismiss and notify, webauthn:extension:credBlob: true, webauthn:extension:largeBlob: true, webauthn:extension:minPinLength: true, webauthn:extension:prf: true, webauthn:virtualAuthenticators: true}
Session ID: 9edcf469f35abaf7fe2da9186e5881a4
at org.openqa.selenium.remote.ErrorCodec.decode(ErrorCodec.java:167)
at org.openqa.selenium.remote.codec.w3c.W3CHttpResponseCodec.decode(W3CHttpResponseCodec.java:138)
at org.openqa.selenium.remote.codec.w3c.W3CHttpResponseCodec.decode(W3CHttpResponseCodec.java:50)
at org.openqa.selenium.remote.HttpCommandExecutor.execute(HttpCommandExecutor.java:190)
at org.openqa.selenium.remote.service.DriverCommandExecutor.invokeExecute(DriverCommandExecutor.java:216)
at org.openqa.selenium.remote.service.DriverCommandExecutor.execute(DriverCommandExecutor.java:174)
at org.openqa.selenium.remote.RemoteWebDriver.execute(RemoteWebDriver.java:518)
at org.openqa.selenium.remote.RemoteWebDriver.execute(RemoteWebDriver.java:591)
at org.openqa.selenium.remote.RemoteWebDriver.execute(RemoteWebDriver.java:595)
at org.openqa.selenium.remote.RemoteWebDriver$RemoteWebDriverOptions$RemoteWindow.maximize(RemoteWebDriver.java:1034)
at com.comcast.scm.generic.webDriverUtility.WebDriverUtility.maximizePage(WebDriverUtility.java:21)
at com.comcast.scm.ObjectRepo.LoginPage.manufacturerLogin(LoginPage.java:89)
at com.comcast.scm.smokeTest.ManufacturerSmokeTest.addProduct(ManufacturerSmokeTest.java:111)
at java.base/java.util.ArrayList.forEach(ArrayList.java:1597)
... Removed 28 stack frames]]>
    </failure>
  </testcase> <!-- addProduct -->
  <testcase classname="com.comcast.scm.smokeTest.RetailerSmokeTest" name="retailerPostNewOrder" time="0.0">
    <ignored/>
  </testcase> <!-- retailerPostNewOrder -->
</testsuite> <!-- Test -->
