<?xml version="1.0" encoding="UTF-8"?>
<!-- Generated by org.testng.reporters.JUnitXMLReporter -->
<testsuite ignored="0" hostname="MONSTER-IDEAPAD5" failures="0" tests="3" name="Test-1" time="78.691" errors="0" timestamp="2024-06-13T16:01:47 IST">
  <testcase classname="com.comcast.crm.ContactTest.CreateContactTestTestNGBaseClass" name="createContactWithOrgTest" time="28.222"/>
  <testcase classname="com.comcast.crm.ContactTest.CreateContactTestTestNGBaseClass" name="createContactWithSupportdateTest" time="13.167"/>
  <testcase classname="com.comcast.crm.ContactTest.CreateContactTestTestNGBaseClass" name="createorg" time="9.66"/>
</testsuite> <!-- Test-1 -->
