<?xml version="1.0" encoding="UTF-8"?>
<!-- Generated by org.testng.reporters.JUnitXMLReporter -->
<testsuite ignored="2" hostname="MONSTER-IDEAPAD5" failures="0" tests="6" name="TestRunner-Chrome" time="161.501" errors="0" timestamp="2024-06-13T16:27:14 IST">
  <testcase classname="com.comcast.crm.ContactTest.CreateContactTestTestNGBaseClass" name="createContactWithOrgTest" time="31.176"/>
  <testcase classname="com.comcast.crm.ContactTest.CreateContactTestTestNGBaseClass" name="createContactWithSupportdateTest" time="14.454"/>
  <testcase classname="com.comcast.crm.ContactTest.CreateContactTestTestNGBaseClass" name="createorg" time="12.776"/>
  <testcase classname="com.comcast.crm.orgTest.CreateORGTestwithTestNG" name="createOrgWithIndustry" time="16.249"/>
  <testcase classname="com.comcast.crm.orgTest.CreateORGTestwithTestNG" name="createOrgWithphNO" time="12.732"/>
  <testcase classname="com.comcast.crm.orgTest.CreateORGTestwithTestNG" name="createorg" time="14.179"/>
  <testcase classname="com.comcast.crm.generic.BaseTest.BaseClass" name="@AfterSuite configAS" time="0.0">
    <ignored/>
  </testcase> <!-- @AfterSuite configAS -->
  <testcase classname="com.comcast.crm.generic.BaseTest.BaseClass" name="@BeforeSuite configBS" time="0.0">
    <ignored/>
  </testcase> <!-- @BeforeSuite configBS -->
</testsuite> <!-- TestRunner-Chrome -->
