<?xml version="1.0" encoding="UTF-8"?>
<!-- Generated by org.testng.reporters.JUnitReportReporter -->
<testsuite hostname="MONSTER-IDEAPAD5" failures="0" tests="3" name="extentReport.SampleReportTestwithcongigannotation" time="0.027" errors="0" timestamp="2024-06-20T11:21:40 IST" skipped="0">
  <testcase classname="extentReport.SampleReportTestwithcongigannotation" name="createcontactwithorg" time="0.008"/>
  <testcase classname="extentReport.SampleReportTestwithcongigannotation" name="createContact" time="0.016"/>
  <testcase classname="extentReport.SampleReportTestwithcongigannotation" name="createcontactwithphnum" time="0.003"/>
</testsuite> <!-- extentReport.SampleReportTestwithcongigannotation -->
