<?xml version="1.0" encoding="UTF-8"?>
<!-- Generated by org.testng.reporters.JUnitReportReporter -->
<testsuite hostname="MONSTER-IDEAPAD5" failures="0" tests="3" name="com.comcast.crm.ContactTest.DataProviderxcel" time="0.013" errors="0" timestamp="2024-06-20T17:15:12 IST" skipped="0">
  <testcase classname="com.comcast.crm.ContactTest.DataProviderxcel" name="getdata" time="0.009"/>
  <testcase classname="com.comcast.crm.ContactTest.DataProviderxcel" name="getdata" time="0.003"/>
  <testcase classname="com.comcast.crm.ContactTest.DataProviderxcel" name="getdata" time="0.001"/>
</testsuite> <!-- com.comcast.crm.ContactTest.DataProviderxcel -->
