<?xml version="1.0" encoding="UTF-8"?>
<!-- Generated by org.testng.reporters.JUnitReportReporter -->
<testsuite hostname="MONSTER-IDEAPAD5" failures="0" tests="1" name="com.comcast.crm.ContactTest.CreateContactWithOrgIntegration" time="32.246" errors="0" timestamp="2024-06-12T15:18:25 IST" skipped="0">
  <testcase classname="com.comcast.crm.ContactTest.CreateContactWithOrgIntegration" name="contactOrg" time="32.246"/>
</testsuite> <!-- com.comcast.crm.ContactTest.CreateContactWithOrgIntegration -->
