<?xml version="1.0" encoding="UTF-8"?>
<!-- Generated by org.testng.reporters.JUnitReportReporter -->
<testsuite hostname="MONSTER-IDEAPAD5" failures="0" tests="2" name="com.comcast.crm.orgTest.CreateORGTestwithpomoptimized" time="19.460" errors="1" timestamp="2024-06-13T13:01:34 IST" skipped="0">
  <testcase classname="com.comcast.crm.orgTest.CreateORGTestwithpomoptimized" name="createOrgWithIndustry" time="19.460"/>
  <testcase classname="com.comcast.crm.orgTest.CreateORGTestwithpomoptimized" name="configAS" time="0.000">
    <error message="Cannot invoke &quot;java.sql.Connection.close()&quot; because &quot;this.con&quot; is null" type="java.lang.NullPointerException">
      <![CDATA[java.lang.NullPointerException: Cannot invoke "java.sql.Connection.close()" because "this.con" is null
at com.comcast.crm.generic.databaseutility.DataBaseUtility.closeDBconnection(DataBaseUtility.java:24)
at com.comcast.crm.generic.BaseTest.BaseClass.configAS(BaseClass.java:82)
at java.base/jdk.internal.reflect.NativeMethodAccessorImpl.invoke0(Native Method)
at java.base/jdk.internal.reflect.NativeMethodAccessorImpl.invoke(NativeMethodAccessorImpl.java:77)
at java.base/jdk.internal.reflect.DelegatingMethodAccessorImpl.invoke(DelegatingMethodAccessorImpl.java:43)
at java.base/java.lang.reflect.Method.invoke(Method.java:568)
at org.testng.internal.invokers.MethodInvocationHelper.invokeMethod(MethodInvocationHelper.java:141)
at org.testng.internal.invokers.MethodInvocationHelper.invokeMethodConsideringTimeout(MethodInvocationHelper.java:71)
at org.testng.internal.invokers.ConfigInvoker.invokeConfigurationMethod(ConfigInvoker.java:400)
at org.testng.internal.invokers.ConfigInvoker.invokeConfigurations(ConfigInvoker.java:333)
at org.testng.SuiteRunner.privateRun(SuiteRunner.java:386)
at org.testng.SuiteRunner.run(SuiteRunner.java:312)
at org.testng.SuiteRunnerWorker.runSuite(SuiteRunnerWorker.java:52)
at org.testng.SuiteRunnerWorker.run(SuiteRunnerWorker.java:95)
at org.testng.TestNG.runSuitesSequentially(TestNG.java:1274)
at org.testng.TestNG.runSuitesLocally(TestNG.java:1208)
at org.testng.TestNG.runSuites(TestNG.java:1112)
at org.testng.TestNG.run(TestNG.java:1079)
at org.testng.remote.AbstractRemoteTestNG.run(AbstractRemoteTestNG.java:115)
at org.testng.remote.RemoteTestNG.initAndRun(RemoteTestNG.java:293)
at org.testng.remote.RemoteTestNG.main(RemoteTestNG.java:91)
]]>
    </error>
  </testcase> <!-- configAS -->
</testsuite> <!-- com.comcast.crm.orgTest.CreateORGTestwithpomoptimized -->
