<?xml version="1.0" encoding="UTF-8"?>
<!-- Generated by org.testng.reporters.JUnitReportReporter -->
<testsuite hostname="MONSTER-IDEAPAD5" failures="0" tests="2" name="com.crm.comcast.ContactusingTestNGTest.CreateContactTest" time="0.011" errors="0" timestamp="2024-06-12T17:28:55 IST" skipped="0">
  <testcase classname="com.crm.comcast.ContactusingTestNGTest.CreateContactTest" name="createContactTest" time="0.008"/>
  <testcase classname="com.crm.comcast.ContactusingTestNGTest.CreateContactTest" name="createContactTestWithPhoneNumberTest" time="0.003"/>
</testsuite> <!-- com.crm.comcast.ContactusingTestNGTest.CreateContactTest -->
