<?xml version="1.0" encoding="UTF-8"?>
<!-- Generated by org.testng.reporters.JUnitReportReporter -->
<testsuite hostname="MONSTER-IDEAPAD5" failures="0" tests="2" name="com.crm.comcast.orgusingTestNGTest.CreateOrgTest" time="0.007" errors="0" timestamp="2024-06-12T17:28:55 IST" skipped="0">
  <testcase classname="com.crm.comcast.orgusingTestNGTest.CreateOrgTest" name="CreateOrgWithIndustries" time="0.003"/>
  <testcase classname="com.crm.comcast.orgusingTestNGTest.CreateOrgTest" name="createOrgTest" time="0.004"/>
</testsuite> <!-- com.crm.comcast.orgusingTestNGTest.CreateOrgTest -->
