<?xml version="1.0" encoding="UTF-8"?>
<!-- Generated by org.testng.reporters.JUnitReportReporter -->
<testsuite hostname="MONSTER-IDEAPAD5" failures="0" tests="2" name="practiceTestFromTestNG.ConfigurationAnnotations" time="0.023" errors="0" timestamp="2024-06-11T10:40:52 IST" skipped="0">
  <testcase classname="practiceTestFromTestNG.ConfigurationAnnotations" name="createContactwithdatae" time="0.008"/>
  <testcase classname="practiceTestFromTestNG.ConfigurationAnnotations" name="createContact" time="0.015"/>
</testsuite> <!-- practiceTestFromTestNG.ConfigurationAnnotations -->
