<?xml version="1.0" encoding="UTF-8"?>
<!-- Generated by org.testng.reporters.JUnitReportReporter -->
<testsuite hostname="MONSTER-IDEAPAD5" failures="0" tests="1" name="extentReport.SampleReportTestwithcongigannotationScreenShot" time="7.788" errors="0" timestamp="2024-06-20T12:08:07 IST" skipped="0">
  <testcase classname="extentReport.SampleReportTestwithcongigannotationScreenShot" name="createContact" time="7.788"/>
</testsuite> <!-- extentReport.SampleReportTestwithcongigannotationScreenShot -->
