<?xml version="1.0" encoding="UTF-8"?>
<!-- Generated by org.testng.reporters.JUnitXMLReporter -->
<testsuite ignored="2" hostname="MONSTER-IDEAPAD5" failures="0" tests="1" name="Test(failed)" time="21.92" errors="0" timestamp="2024-06-13T12:36:19 IST">
  <testcase classname="com.comcast.crm.ContactTest.CreateContactTestTestNGBaseClass" name="createorg" time="9.664"/>
  <testcase classname="com.comcast.crm.ContactTest.CreateContactTestTestNGBaseClass" name="createContactWithSupportdateTest" time="0.0">
    <ignored/>
  </testcase> <!-- createContactWithSupportdateTest -->
  <testcase classname="com.comcast.crm.ContactTest.CreateContactTestTestNGBaseClass" name="createContactWithOrgTest" time="0.0">
    <ignored/>
  </testcase> <!-- createContactWithOrgTest -->
</testsuite> <!-- Test(failed) -->
